execution_time_lapack, 18, 250, matrices/matrix_n=250_0.dat, 26, 0.003034, 0.002554, 0.001718, 0.00141, 0.001431, 0.001401, 0.001427, 0.001517, 0.001495, 0.001405
execution_time_sequential, 18, 250, matrices/matrix_n=250_0.dat, 26, 0.002758, 0.001424, 0.001628, 0.001406, 0.001541, 0.001452, 0.001436, 0.001523, 0.001397, 0.001484
execution_time_parallel, 18, 250, matrices/matrix_n=250_0.dat, 26, 0.077038, 0.002013, 0.001439, 0.001575, 0.001462, 0.001505, 0.001339, 0.001572, 0.001423, 0.001484
execution_time_lookahead_48, 18, 250, matrices/matrix_n=250_0.dat, 138, 0.003176, 0.002762, 0.002518, 0.002377, 0.00241, 0.002449, 0.0023, 0.002492, 0.002397, 0.002346
execution_time_lapack, 18, 300, matrices/matrix_n=300_0.dat, 18, 0.002127, 0.001923, 0.001876, 0.00191, 0.001904, 0.00187, 0.001941, 0.001881, 0.001894, 0.001882
execution_time_sequential, 18, 300, matrices/matrix_n=300_0.dat, 18, 0.004384, 0.002448, 0.002428, 0.002567, 0.002447, 0.002353, 0.002493, 0.002575, 0.002394, 0.002378
execution_time_parallel, 18, 300, matrices/matrix_n=300_0.dat, 18, 0.114469, 0.002053, 0.001995, 0.001987, 0.001948, 0.001881, 0.001907, 0.001963, 0.001923, 0.001935
execution_time_lookahead_48, 18, 300, matrices/matrix_n=300_0.dat, 158, 0.00449, 0.004472, 0.003832, 0.003969, 0.004023, 0.003885, 0.003878, 0.003877, 0.003851, 0.003848
execution_time_lapack, 18, 400, matrices/matrix_n=400_0.dat, 30, 0.006756, 0.004283, 0.004481, 0.004217, 0.004219, 0.004214, 0.004217, 0.004209, 0.004262, 0.004227
execution_time_sequential, 18, 400, matrices/matrix_n=400_0.dat, 18, 0.004201, 0.003971, 0.004048, 0.003948, 0.00407, 0.003914, 0.004077, 0.00391, 0.004088, 0.00393
execution_time_parallel, 18, 400, matrices/matrix_n=400_0.dat, 22, 0.082196, 0.004001, 0.003862, 0.003802, 0.003874, 0.003952, 0.003902, 0.003928, 0.003902, 0.003979
execution_time_lookahead_48, 18, 400, matrices/matrix_n=400_0.dat, 22, 0.056311, 0.010586, 0.00973, 0.009988, 0.009686, 0.009418, 0.010105, 0.009801, 0.009786, 0.010112
execution_time_lapack, 18, 500, matrices/matrix_n=500_0.dat, 30, 0.015652, 0.008185, 0.008174, 0.008156, 0.008122, 0.008191, 0.008095, 0.00816, 0.008236, 0.008088
execution_time_sequential, 18, 500, matrices/matrix_n=500_0.dat, 30, 0.03783, 0.007692, 0.007632, 0.007632, 0.007653, 0.007617, 0.007538, 0.007651, 0.007657, 0.00762
execution_time_parallel, 18, 500, matrices/matrix_n=500_0.dat, 18, 0.074225, 0.005771, 0.00574, 0.005683, 0.005668, 0.005497, 0.005491, 0.005688, 0.00548, 0.005375
execution_time_lookahead_48, 18, 500, matrices/matrix_n=500_0.dat, 26, 0.03497, 0.014802, 0.014055, 0.014458, 0.014143, 0.013688, 0.013665, 0.013559, 0.013611, 0.013634
execution_time_lapack, 18, 625, matrices/matrix_n=625_0.dat, 18, 0.014023, 0.013051, 0.012843, 0.013041, 0.012908, 0.012923, 0.012955, 0.012853, 0.012849, 0.01285
execution_time_sequential, 18, 625, matrices/matrix_n=625_0.dat, 18, 0.025002, 0.017389, 0.017445, 0.017477, 0.017539, 0.017465, 0.01738, 0.017396, 0.017489, 0.017558
execution_time_parallel, 18, 625, matrices/matrix_n=625_0.dat, 26, 0.079462, 0.009748, 0.009712, 0.009596, 0.009787, 0.009807, 0.009625, 0.009998, 0.009542, 0.009362
execution_time_lookahead_48, 18, 625, matrices/matrix_n=625_0.dat, 26, 0.078353, 0.022818, 0.022256, 0.022398, 0.021605, 0.021429, 0.021781, 0.021565, 0.021708, 0.021267
execution_time_lapack, 18, 750, matrices/matrix_n=750_0.dat, 22, 0.025602, 0.024008, 0.024023, 0.023966, 0.023614, 0.023536, 0.023589, 0.023598, 0.023445, 0.023406
execution_time_sequential, 18, 750, matrices/matrix_n=750_0.dat, 34, 0.038148, 0.028407, 0.028683, 0.029205, 0.029506, 0.028838, 0.025494, 0.022991, 0.022926, 0.022993
execution_time_parallel, 18, 750, matrices/matrix_n=750_0.dat, 26, 0.097421, 0.013674, 0.013596, 0.01316, 0.013502, 0.013452, 0.0134, 0.013429, 0.013425, 0.013457
execution_time_lookahead_48, 18, 750, matrices/matrix_n=750_0.dat, 22, 0.126278, 0.0401, 0.039889, 0.039577, 0.037486, 0.037192, 0.037974, 0.03732, 0.037251, 0.037389
execution_time_lapack, 18, 1000, matrices/matrix_n=1000_0.dat, 58, 0.050838, 0.045999, 0.044953, 0.045813, 0.045748, 0.045585, 0.045539, 0.045459, 0.045244, 0.04572
execution_time_sequential, 18, 1000, matrices/matrix_n=1000_0.dat, 54, 0.081425, 0.047844, 0.047347, 0.044565, 0.044783, 0.044586, 0.044619, 0.044513, 0.044467, 0.044783
execution_time_parallel, 18, 1000, matrices/matrix_n=1000_0.dat, 34, 0.144245, 0.027248, 0.026574, 0.02601, 0.038984, 0.025283, 0.024765, 0.025367, 0.024255, 0.024261
execution_time_lookahead_48, 18, 1000, matrices/matrix_n=1000_0.dat, 30, 0.115017, 0.071378, 0.070595, 0.067204, 0.065318, 0.064382, 0.063648, 0.062331, 0.063302, 0.062446
execution_time_lapack, 18, 1250, matrices/matrix_n=1250_0.dat, 50, 0.081343, 0.077818, 0.07772, 0.077606, 0.076774, 0.076748, 0.076899, 0.076824, 0.076814, 0.076669
execution_time_sequential, 18, 1250, matrices/matrix_n=1250_0.dat, 62, 0.077215, 0.074162, 0.073752, 0.073974, 0.074762, 0.074288, 0.074346, 0.074313, 0.074514, 0.074174
execution_time_parallel, 18, 1250, matrices/matrix_n=1250_0.dat, 26, 0.125196, 0.041674, 0.0413, 0.041073, 0.040371, 0.041037, 0.039367, 0.039402, 0.039425, 0.039394
execution_time_lookahead_48, 18, 1250, matrices/matrix_n=1250_0.dat, 42, 0.196107, 0.12925, 0.121753, 0.121068, 0.120349, 0.120694, 0.121338, 0.118706, 0.120302, 0.119039
execution_time_lapack, 18, 1500, matrices/matrix_n=1500_0.dat, 66, 0.119574, 0.110736, 0.109302, 0.108458, 0.108046, 0.107927, 0.10811, 0.108094, 0.108051, 0.107922
execution_time_sequential, 18, 1500, matrices/matrix_n=1500_0.dat, 66, 0.108897, 0.106787, 0.107181, 0.10633, 0.105385, 0.10453, 0.104537, 0.104509, 0.104642, 0.104521
execution_time_parallel, 18, 1500, matrices/matrix_n=1500_0.dat, 34, 0.130627, 0.05967, 0.058714, 0.057921, 0.0567, 0.056309, 0.055849, 0.055481, 0.055381, 0.054259
execution_time_lookahead_48, 18, 1500, matrices/matrix_n=1500_0.dat, 58, 0.229399, 0.166163, 0.16231, 0.156956, 0.157266, 0.15395, 0.155656, 0.154845, 0.156317, 0.154963
execution_time_lapack, 18, 2000, matrices/matrix_n=2000_0.dat, 70, 0.21747, 0.20754, 0.20664, 0.205922, 0.206132, 0.206193, 0.206327, 0.204779, 0.202069, 0.202168
execution_time_sequential, 18, 2000, matrices/matrix_n=2000_0.dat, 70, 0.210801, 0.205269, 0.206768, 0.206688, 0.206233, 0.20626, 0.205991, 0.20587, 0.205531, 0.205863
execution_time_parallel, 18, 2000, matrices/matrix_n=2000_0.dat, 30, 0.160246, 0.120559, 0.116575, 0.110481, 0.109295, 0.109279, 0.109207, 0.110447, 0.108974, 0.1083
execution_time_lookahead_48, 18, 2000, matrices/matrix_n=2000_0.dat, 18, 0.403971, 0.30551, 0.298387, 0.295379, 0.29059, 0.290243, 0.2929, 0.288703, 0.292126, 0.292811
execution_time_lapack, 18, 2500, matrices/matrix_n=2500_0.dat, 74, 0.331694, 0.326151, 0.326393, 0.326068, 0.326251, 0.326565, 0.326521, 0.32594, 0.32558, 0.325951
execution_time_sequential, 18, 2500, matrices/matrix_n=2500_0.dat, 78, 0.362785, 0.320718, 0.318603, 0.318996, 0.318303, 0.318914, 0.318339, 0.318642, 0.318577, 0.317934
execution_time_parallel, 18, 2500, matrices/matrix_n=2500_0.dat, 46, 0.254613, 0.185342, 0.174565, 0.172691, 0.175054, 0.172732, 0.172435, 0.173388, 0.17316, 0.172606
execution_time_lookahead_48, 18, 2500, matrices/matrix_n=2500_0.dat, 22, 0.577098, 0.487909, 0.493995, 0.485962, 0.486185, 0.487261, 0.485754, 0.481247, 0.487086, 0.483573
execution_time_lapack, 18, 3000, matrices/matrix_n=3000_0.dat, 66, 0.479708, 0.455289, 0.455089, 0.454458, 0.455257, 0.45508, 0.454599, 0.454179, 0.454141, 0.454523
execution_time_sequential, 18, 3000, matrices/matrix_n=3000_0.dat, 74, 0.488284, 0.473686, 0.473162, 0.473227, 0.472503, 0.470167, 0.462881, 0.463007, 0.462499, 0.463862
execution_time_parallel, 18, 3000, matrices/matrix_n=3000_0.dat, 54, 0.319524, 0.262351, 0.260787, 0.263363, 0.261073, 0.262, 0.262096, 0.261002, 0.26092, 0.260239
execution_time_lookahead_48, 18, 3000, matrices/matrix_n=3000_0.dat, 18, 0.763776, 0.721353, 0.710691, 0.705796, 0.709506, 0.71109, 0.705462, 0.711697, 0.710835, 0.706029
execution_time_lapack, 18, 4000, matrices/matrix_n=4000_0.dat, 90, 0.997968, 0.955537, 0.970348, 0.943315, 0.939925, 0.940051, 0.940427, 0.940401, 0.941409, 0.940305
execution_time_sequential, 18, 4000, matrices/matrix_n=4000_0.dat, 66, 0.892208, 0.868895, 0.867615, 0.865083, 0.86435, 0.864533, 0.864679, 0.864393, 0.863912, 0.864403
execution_time_parallel, 18, 4000, matrices/matrix_n=4000_0.dat, 58, 0.544755, 0.49029, 0.491934, 0.489657, 0.4931, 0.492204, 0.492345, 0.488662, 0.490774, 0.491837
execution_time_lookahead_48, 18, 4000, matrices/matrix_n=4000_0.dat, 22, 1.42451, 1.32495, 1.33099, 1.3198, 1.32486, 1.32579, 1.32285, 1.32545, 1.31951, 1.31319
execution_time_lapack, 18, 5000, matrices/matrix_n=5000_0.dat, 78, 1.48697, 1.4309, 1.4302, 1.43045, 1.42925, 1.42945, 1.42888, 1.42928, 1.42883, 1.42884
execution_time_sequential, 18, 5000, matrices/matrix_n=5000_0.dat, 70, 1.50185, 1.46102, 1.46073, 1.46128, 1.46001, 1.46104, 1.46084, 1.45978, 1.46077, 1.46163
execution_time_parallel, 18, 5000, matrices/matrix_n=5000_0.dat, 66, 0.824039, 0.756514, 0.756304, 0.75938, 0.756095, 0.765755, 0.754818, 0.757299, 0.756885, 0.755632
execution_time_lookahead_48, 18, 5000, matrices/matrix_n=5000_0.dat, 30, 2.29436, 2.24361, 2.26849, 2.26627, 2.26648, 2.25817, 2.29057, 2.28038, 2.246, 2.27223
execution_time_lapack, 18, 6250, matrices/matrix_n=6250_0.dat, 78, 2.53788, 2.48691, 2.48425, 2.48438, 2.48443, 2.4816, 2.4829, 2.48217, 2.48276, 2.48319
execution_time_sequential, 18, 6250, matrices/matrix_n=6250_0.dat, 74, 2.69472, 2.67999, 2.67894, 2.67933, 2.67962, 2.67935, 2.68171, 2.67948, 2.67779, 2.67799
execution_time_parallel, 18, 6250, matrices/matrix_n=6250_0.dat, 66, 1.31586, 1.20434, 1.23959, 1.22918, 1.22875, 1.22785, 1.22807, 1.23133, 1.2274, 1.23058
execution_time_lookahead_48, 18, 6250, matrices/matrix_n=6250_0.dat, 30, 3.91649, 3.82389, 3.8989, 3.86464, 3.82705, 3.86602, 3.82566, 3.80277, 3.84871, 3.88626
execution_time_lapack, 18, 8000, matrices/matrix_n=8000_0.dat, 158, 4.33017, 4.23586, 4.23284, 4.24026, 4.23662, 4.23609, 4.23372, 4.23546, 4.23605, 4.56983
execution_time_sequential, 18, 8000, matrices/matrix_n=8000_0.dat, 82, 4.4361, 4.34419, 4.33101, 4.32941, 4.33117, 4.32946, 4.33184, 4.33204, 4.33074, 4.32983
execution_time_parallel, 18, 8000, matrices/matrix_n=8000_0.dat, 66, 2.46623, 2.26228, 2.25307, 2.25319, 2.25743, 2.25484, 2.25437, 2.25381, 2.26123, 2.25625
execution_time_lookahead_48, 18, 8000, matrices/matrix_n=8000_0.dat, 30, 6.90741, 6.88865, 6.80024, 6.83235, 6.82665, 6.83137, 6.81307, 6.74443, 6.81632, 6.78464
execution_time_lapack, 18, 10000, matrices/matrix_n=10000_0.dat, 138, 6.79511, 6.59983, 6.57285, 6.60815, 6.6021, 6.60349, 6.60481, 6.60516, 6.60458, 6.60246
execution_time_sequential, 18, 10000, matrices/matrix_n=10000_0.dat, 158, 6.5732, 6.47113, 6.47841, 6.47369, 6.47306, 6.47057, 6.46992, 6.46927, 6.49096, 6.49011
execution_time_parallel, 18, 10000, matrices/matrix_n=10000_0.dat, 66, 4.02503, 3.79122, 3.72376, 3.72368, 3.72287, 3.72268, 3.72849, 3.72485, 3.73001, 3.73105
execution_time_lookahead_48, 18, 10000, matrices/matrix_n=10000_0.dat, 38, 10.1199, 9.96176, 10.0642, 9.96449, 9.8966, 9.97067, 10.061, 9.92919, 9.99237, 9.88851
execution_time_lapack, 18, 12500, matrices/matrix_n=12500_0.dat, 158, 11.4666, 11.3148, 11.3089, 11.4908, 11.5078, 11.3795, 11.3781, 11.3778, 11.3709, 11.3755
execution_time_sequential, 18, 12500, matrices/matrix_n=12500_0.dat, 142, 11.4782, 11.3722, 11.3965, 11.4186, 11.4016, 11.413, 11.3869, 11.3638, 11.3637, 11.3594
execution_time_parallel, 18, 12500, matrices/matrix_n=12500_0.dat, 66, 6.96843, 6.68751, 6.68521, 6.6741, 6.67276, 6.67498, 6.67037, 6.66894, 6.67669, 6.67656
execution_time_lookahead_48, 18, 12500, matrices/matrix_n=12500_0.dat, 30, 19.2346, 19.2203, 19.0473, 19.1568, 19.0749, 19.1509, 19.0368, 19.1632, 18.9576, 19.1472
execution_time_lapack, 18, 15000, matrices/matrix_n=15000_0.dat, 160, 17.0895, 16.9974, 16.9931, 16.9989, 17.004, 17.0016, 17.0124, 17.0001, 17.0004, 16.9927
execution_time_sequential, 18, 15000, matrices/matrix_n=15000_0.dat, 140, 16.7249, 16.6449, 16.6391, 16.6374, 16.6354, 16.6405, 16.6415, 16.6354, 16.6378, 16.6347
execution_time_parallel, 18, 15000, matrices/matrix_n=15000_0.dat, 60, 11.3415, 10.9086, 10.9137, 10.9105, 10.9424, 10.8827, 10.8714, 10.8643, 10.8889, 10.8641
execution_time_lookahead_48, 18, 15000, matrices/matrix_n=15000_0.dat, 40, 29.7563, 29.855, 29.7905, 29.7405, 29.5408, 29.5016, 29.4654, 29.4648, 29.552, 29.6613
